###########################################
Time: 1430121139
Msg: Array
###########################################
###########################################
Time: 1430121261
Msg: test 11

On Mon, Apr 27, 2015 at 12:52 PM, Ahmed Rishwan <a.rishwan@gmail.com> wrote:

> test 10
>
> On Mon, Apr 27, 2015 at 12:48 PM, Ahmed Rishwan <a.rishwan@gmail.com>
> wrote:
>
>> test 9
>>
>> On Mon, Apr 27, 2015 at 12:46 PM, Ahmed Rishwan <a.rishwan@gmail.com>
>> wrote:
>>
>>> test 8
>>>
>>> On Mon, Apr 27, 2015 at 12:34 PM, Ahmed Rishwan <a.rishwan@gmail.com>
>>> wrote:
>>>
>>>> test 6
>>>>
>>>> On Mon, Apr 27, 2015 at 12:32 PM, Ahmed Rishwan <a.rishwan@gmail.com>
>>>> wrote:
>>>>
>>>>> test 5
>>>>>
>>>>> On Mon, Apr 27, 2015 at 12:30 PM, Ahmed Rishwan <a.rishwan@gmail.com>
>>>>> wrote:
>>>>>
>>>>>> kdfsdfsf
>>>>>>
>>>>>> 2015-04-27 12:28 GMT+05:00 Ahmed Rishwan <a.rishwan@gmail.com>:
>>>>>>
>>>>>>> asfsdasdasdasdasd
>>>>>>>
>>>>>>
>>>>>>
>>>>>
>>>>
>>>
>>
>


###########################################
